{"entry":{"date":"2021-04-12T17:15:25","type":"run","version":"3.0.0"}}
{"entry":{"date":"2021-04-12T17:19:08","type":"run","version":"3.0.0"}}
{"entry":{"date":"2021-04-12T17:47:40","type":"run","version":"3.0.0"}}
{"entry":{"date":"2021-04-12T17:50:49","ts":"189.969939042","type":"msg","lvl":"INFO","id":"0x5402","val":"Application 'CMS_Module' started."},"hash":"33e0fc0c6e196c33ba"}
{"entry":{"date":"2021-04-12T17:52:07","ts":"268.455363539","type":"msg","lvl":"WARN","id":"0x5401","val":"Application has ended, pending motion was cancelled."},"hash":"3b977dc215d7a1885c"}
{"entry":{"date":"2021-04-12T17:52:07","ts":"268.464648096","type":"msg","lvl":"INFO","id":"0x5403","val":"Application 'CMS_Module' stopped."},"hash":"b972360ee137d1706f"}
{"entry":{"date":"2021-04-13T08:48:09","type":"run","version":"3.0.0"}}
{"entry":{"date":"2021-04-13T08:56:35","type":"run","version":"3.0.0"}}
{"entry":{"date":"2021-04-13T08:57:59","ts":"86.012083912","type":"msg","lvl":"INFO","id":"0x5402","val":"Application 'CMS_Module' started."},"hash":"77aca16b28e8d5f68f"}
{"entry":{"date":"2021-04-13T09:08:08","type":"run","version":"3.0.0"}}
{"entry":{"date":"2021-04-13T09:09:49","ts":"102.363125870","type":"msg","lvl":"INFO","id":"0x5402","val":"Application 'CMS_Module' started."},"hash":"f11a12f2518b03b38b"}
{"entry":{"date":"2021-09-27T09:42:01","type":"run","version":"3.0.0"}}
{"entry":{"date":"2021-09-27T09:43:30","ts":"90.041819937","type":"msg","lvl":"INFO","id":"0x5402","val":"Application 'CMS_Module' started."},"hash":"355f37617e2dc32d6d"}
{"entry":{"date":"2021-09-29T14:02:45","ts":"188448.564918570","type":"msg","lvl":"INFO","id":"0x5403","val":"Application 'CMS_Module' stopped."},"hash":"0c9fa7ebf83c99be91"}
{"entry":{"date":"2021-09-29T14:02:55","ts":"188458.949269399","type":"msg","lvl":"INFO","id":"0x5402","val":"Application 'CMS_Module' started."},"hash":"5a28060239092b8dc0"}
{"entry":{"date":"2021-09-29T14:10:07","ts":"188890.768550048","type":"msg","lvl":"WARN","id":"0x5401","val":"Application has ended, pending motion was cancelled."},"hash":"e2301cb1fb03cccecc"}
{"entry":{"date":"2021-09-29T14:10:07","ts":"188890.776403254","type":"msg","lvl":"INFO","id":"0x5403","val":"Application 'CMS_Module' stopped."},"hash":"32caf903de2f780e49"}
{"entry":{"date":"2021-09-29T14:10:08","ts":"188891.353624204","type":"msg","lvl":"INFO","id":"0x5402","val":"Application 'CMS_Module' started."},"hash":"f04fe393864569ed3f"}
{"entry":{"date":"2021-09-29T14:11:17","ts":"188960.491912487","type":"msg","lvl":"WARN","id":"0x5401","val":"Application has ended, pending motion was cancelled."},"hash":"a1aeec747809b3265f"}
{"entry":{"date":"2021-09-29T14:11:17","ts":"188960.499966276","type":"msg","lvl":"INFO","id":"0x5403","val":"Application 'CMS_Module' stopped."},"hash":"393d4d9b2e4994c196"}
{"entry":{"date":"2021-09-29T14:11:29","ts":"188972.292448370","type":"msg","lvl":"INFO","id":"0x5402","val":"Application 'CMS_Module' started."},"hash":"0ef91fc6e78cc61c51"}
{"entry":{"date":"2021-09-29T14:47:36","ts":"191139.932655673","type":"msg","lvl":"WARN","id":"0x5401","val":"Application has ended, pending motion was cancelled."},"hash":"bd9c9add699f6f8b6d"}
{"entry":{"date":"2021-09-29T14:47:36","ts":"191139.934423671","type":"msg","lvl":"INFO","id":"0x5403","val":"Application 'CMS_Module' stopped."},"hash":"690830583ab42d3216"}
{"entry":{"date":"2021-09-29T14:47:43","ts":"191147.179660722","type":"msg","lvl":"INFO","id":"0x5402","val":"Application 'CMS_Module' started."},"hash":"ac6a3d8592794c733f"}
{"entry":{"date":"2021-09-29T16:50:11","ts":"198494.542879153","type":"msg","lvl":"WARN","id":"0x5401","val":"Application has ended, pending motion was cancelled."},"hash":"8e89ccc20fbea2cbd2"}
{"entry":{"date":"2021-09-29T16:50:11","ts":"198494.550309787","type":"msg","lvl":"INFO","id":"0x5403","val":"Application 'CMS_Module' stopped."},"hash":"8740f3d0a475d4db06"}
{"entry":{"date":"2021-09-29T16:50:11","ts":"198494.923488125","type":"msg","lvl":"ERROR","id":"0x5405","val":"(File clkPark2.pgx-line 9) Missing keyword : 'begin'"},"hash":"e4a08793fed93ffcc8"}
{"entry":{"val":"The previous message appeared %d time(s)","data":[{"val":1}],"date":"2021-09-29T16:51:43","ts":"198519.862694687","type":"key","lvl":"INFO","id":"0x4A03"},"hash":"63ab7265f9c6a3bd62"}
{"entry":{"date":"2021-09-29T16:51:43","ts":"198587.321397319","type":"msg","lvl":"INFO","id":"0x5402","val":"Application 'CMS_Module' started."},"hash":"eb8ef6fd24aae36cf2"}
{"entry":{"date":"2021-09-29T16:54:20","ts":"198743.692935808","type":"msg","lvl":"INFO","id":"0x5403","val":"Application 'CMS_Module' stopped."},"hash":"94a91c38616c1d4374"}
{"entry":{"date":"2021-09-29T16:54:20","ts":"198744.243031232","type":"msg","lvl":"INFO","id":"0x5402","val":"Application 'CMS_Module' started."},"hash":"f1994a5f82914e8063"}
{"entry":{"date":"2021-09-29T16:55:01","ts":"198785.050882502","type":"msg","lvl":"WARN","id":"0x5401","val":"Application has ended, pending motion was cancelled."},"hash":"827b358c6a7f16245e"}
{"entry":{"date":"2021-09-29T16:55:01","ts":"198785.058492019","type":"msg","lvl":"INFO","id":"0x5403","val":"Application 'CMS_Module' stopped."},"hash":"da414eb77adbcedbea"}
{"entry":{"date":"2021-09-29T16:55:02","ts":"198785.579071057","type":"msg","lvl":"INFO","id":"0x5402","val":"Application 'CMS_Module' started."},"hash":"1f9337f8819d6a1ea7"}
{"entry":{"date":"2021-09-29T17:00:24","ts":"199108.185487872","type":"msg","lvl":"INFO","id":"0x5403","val":"Application 'CMS_Module' stopped."},"hash":"d425dc39ce6c6199f1"}
{"entry":{"date":"2021-09-29T17:00:25","ts":"199108.759622083","type":"msg","lvl":"INFO","id":"0x5402","val":"Application 'CMS_Module' started."},"hash":"7c5c0f962829508863"}
{"entry":{"date":"2021-09-30T10:54:06","ts":"263530.737743366","type":"msg","lvl":"INFO","id":"0x5403","val":"Application 'CMS_Module' stopped."},"hash":"4edf56ba2f506da916"}
{"entry":{"date":"2021-09-30T10:54:06","ts":"263531.280572668","type":"msg","lvl":"INFO","id":"0x5402","val":"Application 'CMS_Module' started."},"hash":"143db269f02d0e03df"}
{"entry":{"date":"2021-09-30T11:08:53","ts":"264418.727381709","type":"msg","lvl":"INFO","id":"0x5403","val":"Application 'CMS_Module' stopped."},"hash":"35ce788811bb23fd13"}
{"entry":{"date":"2021-09-30T11:09:03","ts":"264428.087080859","type":"msg","lvl":"INFO","id":"0x5402","val":"Application 'CMS_Module' started."},"hash":"bdd6d5cac6d2c7b348"}
{"entry":{"date":"2021-09-30T14:36:45","ts":"276890.159115408","type":"msg","lvl":"INFO","id":"0x5403","val":"Application 'CMS_Module' stopped."},"hash":"90abe9770edc3132b2"}
{"entry":{"date":"2021-09-30T14:36:45","ts":"276890.708478295","type":"msg","lvl":"INFO","id":"0x5402","val":"Application 'CMS_Module' started."},"hash":"ba4ca8497f3242e14f"}
{"entry":{"date":"2021-09-30T14:38:11","ts":"276976.602130981","type":"msg","lvl":"ERROR","id":"0x5404","val":"VAL3 runtime error. Cartesian position out of joint limits.. doAirexTask. "},"hash":"8896b4d51f7d398149"}
{"entry":{"date":"2021-09-30T14:38:11","ts":"276976.602182886","type":"msg","lvl":"ERROR","id":"0x5404","val":"ERR 531 Cartesian position out of joint limits.. doAirexTask. "},"hash":"fa264e46f98492a5e4"}
{"entry":{"date":"2021-09-30T14:40:28","ts":"277113.647934119","type":"msg","lvl":"WARN","id":"0x5401","val":"Application has ended, pending motion was cancelled."},"hash":"c6971133b9c4c8e517"}
{"entry":{"date":"2021-09-30T14:40:28","ts":"277113.649207113","type":"msg","lvl":"INFO","id":"0x5403","val":"Application 'CMS_Module' stopped."},"hash":"4fdfe1bd81b036bc07"}
{"entry":{"date":"2021-09-30T14:40:29","ts":"277114.204873973","type":"msg","lvl":"INFO","id":"0x5402","val":"Application 'CMS_Module' started."},"hash":"0de95f171b2b9e25fb"}
{"entry":{"date":"2021-09-30T14:59:07","ts":"278232.526229651","type":"msg","lvl":"INFO","id":"0x5403","val":"Application 'CMS_Module' stopped."},"hash":"a706653e516d8f9a5b"}
{"entry":{"date":"2021-09-30T14:59:08","ts":"278233.124510860","type":"msg","lvl":"INFO","id":"0x5402","val":"Application 'CMS_Module' started."},"hash":"a76803d12803920b41"}
{"entry":{"date":"2021-09-30T15:57:07","ts":"281712.459607304","type":"msg","lvl":"INFO","id":"0x5403","val":"Application 'CMS_Module' stopped."},"hash":"18f44cfda0ee10b72d"}
{"entry":{"date":"2021-09-30T15:57:07","ts":"281712.987762135","type":"msg","lvl":"INFO","id":"0x5402","val":"Application 'CMS_Module' started."},"hash":"a9d7e69db8781514e2"}
{"entry":{"date":"2021-09-30T16:23:09","ts":"283274.308104051","type":"msg","lvl":"INFO","id":"0x5403","val":"Application 'CMS_Module' stopped."},"hash":"d91b461dd2859c8a7b"}
{"entry":{"date":"2021-09-30T16:23:09","ts":"283274.803029965","type":"msg","lvl":"INFO","id":"0x5402","val":"Application 'CMS_Module' started."},"hash":"a4202e14a45f601ad0"}
{"entry":{"date":"2021-09-30T17:23:00","ts":"286866.119695712","type":"msg","lvl":"WARN","id":"0x5401","val":"Application has ended, pending motion was cancelled."},"hash":"19ed81d2baf7cd59ab"}
{"entry":{"date":"2021-09-30T17:23:00","ts":"286866.127362706","type":"msg","lvl":"INFO","id":"0x5403","val":"Application 'CMS_Module' stopped."},"hash":"f7eed7963447b5b172"}
{"entry":{"date":"2021-09-30T17:35:53","ts":"287638.626015814","type":"msg","lvl":"INFO","id":"0x5402","val":"Application 'CMS_Module' started."},"hash":"d884d2cec7955aeef5"}
{"entry":{"date":"2021-09-30T17:36:52","ts":"287697.240035400","type":"msg","lvl":"WARN","id":"0x5401","val":"Application has ended, pending motion was cancelled."},"hash":"550ccacd65a7aeb89f"}
{"entry":{"date":"2021-09-30T17:36:52","ts":"287697.247696236","type":"msg","lvl":"INFO","id":"0x5403","val":"Application 'CMS_Module' stopped."},"hash":"d04c5103df80e03f61"}
{"entry":{"date":"2021-09-30T17:37:06","ts":"287711.807989098","type":"msg","lvl":"INFO","id":"0x5402","val":"Application 'CMS_Module' started."},"hash":"de6b314adaa5d2285b"}
{"entry":{"date":"2021-09-30T17:39:24","ts":"287850.175115657","type":"msg","lvl":"WARN","id":"0x5401","val":"Application has ended, pending motion was cancelled."},"hash":"88f8447017a530baa4"}
{"entry":{"date":"2021-09-30T17:39:24","ts":"287850.182702007","type":"msg","lvl":"INFO","id":"0x5403","val":"Application 'CMS_Module' stopped."},"hash":"b113253f70cd92badf"}
{"entry":{"date":"2021-09-30T17:39:35","ts":"287860.718220025","type":"msg","lvl":"INFO","id":"0x5402","val":"Application 'CMS_Module' started."},"hash":"81cad5cfb8d0659766"}
{"entry":{"date":"2021-09-30T17:44:35","ts":"288161.049879591","type":"msg","lvl":"WARN","id":"0x5401","val":"Application has ended, pending motion was cancelled."},"hash":"1f755fd76f4219e372"}
{"entry":{"date":"2021-09-30T17:44:35","ts":"288161.057835142","type":"msg","lvl":"INFO","id":"0x5403","val":"Application 'CMS_Module' stopped."},"hash":"f876de0f759ffba35d"}
{"entry":{"date":"2021-09-30T17:44:45","ts":"288170.700416589","type":"msg","lvl":"INFO","id":"0x5402","val":"Application 'CMS_Module' started."},"hash":"709322d62c20d1449c"}
{"entry":{"date":"2021-12-09T08:40:16","type":"run","version":"3.0.0"}}
{"entry":{"date":"2021-12-09T14:22:18","ts":"20523.054498849","type":"msg","lvl":"INFO","id":"0x5402","val":"Application 'CMS_Module' started."},"hash":"7e4036d5a509963145"}
{"entry":{"date":"2021-12-09T14:25:59","ts":"20743.926921777","type":"msg","lvl":"INFO","id":"0x5403","val":"Application 'CMS_Module' stopped."},"hash":"bf65c1364b672369a1"}
{"entry":{"date":"2021-12-09T14:26:25","ts":"20769.995948765","type":"msg","lvl":"INFO","id":"0x5402","val":"Application 'CMS_Module' started."},"hash":"bbf54792f20074f4dd"}
{"entry":{"date":"2021-12-09T14:30:17","ts":"21002.030835419","type":"msg","lvl":"INFO","id":"0x5403","val":"Application 'CMS_Module' stopped."},"hash":"fe889d7e54f2211692"}
{"entry":{"date":"2021-12-09T14:30:27","ts":"21012.290306773","type":"msg","lvl":"INFO","id":"0x5402","val":"Application 'CMS_Module' started."},"hash":"351eb07d06d1c65e86"}
{"entry":{"date":"2021-12-09T14:46:56","ts":"22001.514899099","type":"msg","lvl":"INFO","id":"0x5403","val":"Application 'CMS_Module' stopped."},"hash":"95a121999130af0c35"}
{"entry":{"date":"2021-12-09T14:47:10","ts":"22015.354846760","type":"msg","lvl":"INFO","id":"0x5402","val":"Application 'CMS_Module' started."},"hash":"cfa464a94795dfc83a"}
{"entry":{"date":"2021-12-09T15:13:17","ts":"23581.997965438","type":"msg","lvl":"INFO","id":"0x5403","val":"Application 'CMS_Module' stopped."},"hash":"3bf3c26f3c36b57575"}
{"entry":{"date":"2021-12-09T15:13:28","ts":"23592.888251332","type":"msg","lvl":"INFO","id":"0x5402","val":"Application 'CMS_Module' started."},"hash":"8d626b1750a87edbd2"}
{"entry":{"date":"2021-12-09T17:14:11","ts":"30835.923243848","type":"msg","lvl":"INFO","id":"0x5403","val":"Application 'CMS_Module' stopped."},"hash":"1639bbda053ef98fe3"}
{"entry":{"date":"2021-12-09T17:14:23","ts":"30848.497771015","type":"msg","lvl":"INFO","id":"0x5402","val":"Application 'CMS_Module' started."},"hash":"19ceddb92607010bd3"}
{"entry":{"date":"2021-12-10T09:41:10","type":"run","version":"3.0.0"}}
{"entry":{"date":"2021-12-10T15:41:08","type":"run","version":"3.0.0"}}
{"entry":{"date":"2021-12-15T14:55:57","type":"run","version":"3.0.0"}}
{"entry":{"date":"2021-12-16T09:25:35","type":"run","version":"3.0.0"}}
{"entry":{"date":"2021-12-17T08:19:09","type":"run","version":"3.0.0"}}
{"entry":{"date":"2021-12-17T17:30:52","type":"run","version":"3.0.0"}}
{"entry":{"date":"2021-12-22T09:27:59","type":"run","version":"3.0.0"}}
{"entry":{"date":"2021-12-22T10:51:43","type":"run","version":"3.0.0"}}
{"entry":{"date":"2021-12-22T10:55:29","type":"run","version":"3.0.0"}}
{"entry":{"date":"2021-12-22T11:27:04","type":"run","version":"3.0.0"}}
{"entry":{"date":"2022-01-13T09:16:42","type":"run","version":"3.0.0"}}
{"entry":{"date":"2022-01-20T08:53:49","type":"run","version":"3.0.0"}}
{"entry":{"date":"2022-01-20T11:12:52","type":"run","version":"3.0.0"}}
{"entry":{"date":"2022-01-20T11:15:15","type":"run","version":"3.0.0"}}
{"entry":{"date":"2022-01-26T08:21:14","type":"run","version":"3.0.0"}}
{"entry":{"date":"2022-01-26T10:32:15","type":"run","version":"3.0.0"}}
{"entry":{"date":"2022-01-26T10:36:47","ts":"272.907289510","type":"msg","lvl":"ERROR","id":"0x5405","val":"(File doModules.pgx-line 71) 'nAirexIdx' : invalid name"},"hash":"10aae2941e7d3200ea"}
{"entry":{"date":"2022-01-26T10:39:24","type":"run","version":"3.0.0"}}
{"entry":{"date":"2022-01-26T10:40:42","ts":"78.470471350","type":"msg","lvl":"ERROR","id":"0x5405","val":"(File doModules.pgx-line 71) 'nAirexIdx' : invalid name"},"hash":"13f4b8ec57104156e6"}
{"entry":{"date":"2022-01-26T10:41:59","ts":"155.785150369","type":"msg","lvl":"INFO","id":"0x5402","val":"Application 'CMS_Module' started."},"hash":"5365b100c1a8e94d26"}
{"entry":{"date":"2022-01-26T10:49:55","ts":"632.106883479","type":"msg","lvl":"WARN","id":"0x5401","val":"Application has ended, pending motion was cancelled."},"hash":"511b408fd39e2b9669"}
{"entry":{"date":"2022-01-26T10:49:55","ts":"632.108439748","type":"msg","lvl":"INFO","id":"0x5403","val":"Application 'CMS_Module' stopped."},"hash":"a67a685417e47b1481"}
{"entry":{"date":"2022-01-26T10:50:07","ts":"643.716403261","type":"msg","lvl":"INFO","id":"0x5402","val":"Application 'CMS_Module' started."},"hash":"7c577c6b03627ecf25"}
{"entry":{"date":"2022-01-27T09:25:32","type":"run","version":"3.0.0"}}
{"entry":{"date":"2022-01-27T10:46:58","type":"run","version":"3.0.0"}}
{"entry":{"date":"2022-01-27T16:08:02","type":"run","version":"3.0.0"}}
{"entry":{"date":"2022-03-11T08:43:42","type":"run","version":"3.0.0"}}
{"entry":{"date":"2022-08-09T08:21:06","type":"run","version":"3.0.0"}}
{"entry":{"date":"2022-11-22T08:01:03","type":"run","version":"3.0.0"}}
{"entry":{"date":"2023-01-13T16:43:13","type":"run","version":"3.0.0"}}
{"entry":{"date":"2023-01-13T16:47:53","type":"run","version":"3.0.0"}}
{"entry":{"date":"2023-01-13T17:16:55","type":"run","version":"3.0.0"}}
{"entry":{"date":"2023-09-29T15:10:41","type":"run","version":"3.0.0"}}
{"entry":{"date":"2023-10-25T08:09:31","type":"run","version":"3.0.0"}}
{"entry":{"date":"2023-11-03T17:42:27","type":"run","version":"3.0.0"}}
